INFO  [main] Log - =====================================================================
INFO  [main] Log - Starting Test Case: testcase Started
INFO  [main] Log - =====================================================================
INFO  [main] Log - =====================================================================
INFO  [main] Log - Ending Test Case: Testcase Ended
INFO  [main] Log - =====================================================================
INFO  [main] Log - =====================================================================
INFO  [main] Log - Starting Test Case: testcase Started
INFO  [main] Log - =====================================================================
INFO  [main] Log - =====================================================================
INFO  [main] Log - Ending Test Case: Testcase Ended
INFO  [main] Log - =====================================================================
INFO  [main] Log - =====================================================================
INFO  [main] Log - Starting Test Case: testcase Started
INFO  [main] Log - =====================================================================
INFO  [main] Log - =====================================================================
INFO  [main] Log - Ending Test Case: Testcase Ended
INFO  [main] Log - =====================================================================
INFO  [main] Log - =====================================================================
INFO  [main] Log - Starting Test Case: testcase Started
INFO  [main] Log - =====================================================================
INFO  [main] Log - =====================================================================
INFO  [main] Log - Ending Test Case: Testcase Ended
INFO  [main] Log - =====================================================================
INFO  [main] Log - =====================================================================
INFO  [main] Log - Starting Test Case: testcase Started
INFO  [main] Log - =====================================================================
INFO  [main] Log - =====================================================================
INFO  [main] Log - Ending Test Case: Testcase Ended
INFO  [main] Log - =====================================================================
DEBUG [main] cache - Couldn't find template in cache for "extent.ftl"("en_US", UTF-8, parsed); will try to load it.
DEBUG [main] cache - TemplateLoader.findTemplateSource("extent_en_US.ftl"): Not found
DEBUG [main] cache - TemplateLoader.findTemplateSource("extent_en.ftl"): Not found
DEBUG [main] cache - TemplateLoader.findTemplateSource("extent.ftl"): Found
DEBUG [main] cache - Loading template for "extent.ftl"("en_US", UTF-8, parsed) from "jar:file:/Users/geerthanakannan/.m2/repository/com/aventstack/extentreports/3.0.0/extentreports-3.0.0.jar!/com/aventstack/extentreports/view/extent.ftl"
DEBUG [main] cache - Couldn't find template in cache for "head.ftl"("en_US", UTF-8, parsed); will try to load it.
DEBUG [main] cache - TemplateLoader.findTemplateSource("head_en_US.ftl"): Not found
DEBUG [main] cache - TemplateLoader.findTemplateSource("head_en.ftl"): Not found
DEBUG [main] cache - TemplateLoader.findTemplateSource("head.ftl"): Found
DEBUG [main] cache - Loading template for "head.ftl"("en_US", UTF-8, parsed) from "jar:file:/Users/geerthanakannan/.m2/repository/com/aventstack/extentreports/3.0.0/extentreports-3.0.0.jar!/com/aventstack/extentreports/view/head.ftl"
DEBUG [main] cache - Couldn't find template in cache for "nav.ftl"("en_US", UTF-8, parsed); will try to load it.
DEBUG [main] cache - TemplateLoader.findTemplateSource("nav_en_US.ftl"): Not found
DEBUG [main] cache - TemplateLoader.findTemplateSource("nav_en.ftl"): Not found
DEBUG [main] cache - TemplateLoader.findTemplateSource("nav.ftl"): Found
DEBUG [main] cache - Loading template for "nav.ftl"("en_US", UTF-8, parsed) from "jar:file:/Users/geerthanakannan/.m2/repository/com/aventstack/extentreports/3.0.0/extentreports-3.0.0.jar!/com/aventstack/extentreports/view/nav.ftl"
DEBUG [main] cache - Couldn't find template in cache for "test-view/test-view.ftl"("en_US", UTF-8, parsed); will try to load it.
DEBUG [main] cache - TemplateLoader.findTemplateSource("test-view/test-view_en_US.ftl"): Not found
DEBUG [main] cache - TemplateLoader.findTemplateSource("test-view/test-view_en.ftl"): Not found
DEBUG [main] cache - TemplateLoader.findTemplateSource("test-view/test-view.ftl"): Found
DEBUG [main] cache - Loading template for "test-view/test-view.ftl"("en_US", UTF-8, parsed) from "jar:file:/Users/geerthanakannan/.m2/repository/com/aventstack/extentreports/3.0.0/extentreports-3.0.0.jar!/com/aventstack/extentreports/view/test-view/test-view.ftl"
DEBUG [main] cache - Couldn't find template in cache for "test-view/standard.ftl"("en_US", UTF-8, parsed); will try to load it.
DEBUG [main] cache - TemplateLoader.findTemplateSource("test-view/standard_en_US.ftl"): Not found
DEBUG [main] cache - TemplateLoader.findTemplateSource("test-view/standard_en.ftl"): Not found
DEBUG [main] cache - TemplateLoader.findTemplateSource("test-view/standard.ftl"): Found
DEBUG [main] cache - Loading template for "test-view/standard.ftl"("en_US", UTF-8, parsed) from "jar:file:/Users/geerthanakannan/.m2/repository/com/aventstack/extentreports/3.0.0/extentreports-3.0.0.jar!/com/aventstack/extentreports/view/test-view/standard.ftl"
DEBUG [main] cache - "test-view/standard.ftl"("en_US", UTF-8, parsed) cached copy not yet stale; using cached.
DEBUG [main] cache - "test-view/standard.ftl"("en_US", UTF-8, parsed) cached copy not yet stale; using cached.
DEBUG [main] cache - "test-view/standard.ftl"("en_US", UTF-8, parsed) cached copy not yet stale; using cached.
DEBUG [main] cache - "test-view/standard.ftl"("en_US", UTF-8, parsed) cached copy not yet stale; using cached.
DEBUG [main] cache - "test-view/standard.ftl"("en_US", UTF-8, parsed) cached copy not yet stale; using cached.
DEBUG [main] cache - "test-view/standard.ftl"("en_US", UTF-8, parsed) cached copy not yet stale; using cached.
DEBUG [main] cache - Couldn't find template in cache for "test-view/test-view-charts.ftl"("en_US", UTF-8, parsed); will try to load it.
DEBUG [main] cache - TemplateLoader.findTemplateSource("test-view/test-view-charts_en_US.ftl"): Not found
DEBUG [main] cache - TemplateLoader.findTemplateSource("test-view/test-view-charts_en.ftl"): Not found
DEBUG [main] cache - TemplateLoader.findTemplateSource("test-view/test-view-charts.ftl"): Found
DEBUG [main] cache - Loading template for "test-view/test-view-charts.ftl"("en_US", UTF-8, parsed) from "jar:file:/Users/geerthanakannan/.m2/repository/com/aventstack/extentreports/3.0.0/extentreports-3.0.0.jar!/com/aventstack/extentreports/view/test-view/test-view-charts.ftl"
DEBUG [main] cache - Couldn't find template in cache for "category-view/category-view.ftl"("en_US", UTF-8, parsed); will try to load it.
DEBUG [main] cache - TemplateLoader.findTemplateSource("category-view/category-view_en_US.ftl"): Not found
DEBUG [main] cache - TemplateLoader.findTemplateSource("category-view/category-view_en.ftl"): Not found
DEBUG [main] cache - TemplateLoader.findTemplateSource("category-view/category-view.ftl"): Found
DEBUG [main] cache - Loading template for "category-view/category-view.ftl"("en_US", UTF-8, parsed) from "jar:file:/Users/geerthanakannan/.m2/repository/com/aventstack/extentreports/3.0.0/extentreports-3.0.0.jar!/com/aventstack/extentreports/view/category-view/category-view.ftl"
DEBUG [main] cache - Couldn't find template in cache for "exception-view/exception-view.ftl"("en_US", UTF-8, parsed); will try to load it.
DEBUG [main] cache - TemplateLoader.findTemplateSource("exception-view/exception-view_en_US.ftl"): Not found
DEBUG [main] cache - TemplateLoader.findTemplateSource("exception-view/exception-view_en.ftl"): Not found
DEBUG [main] cache - TemplateLoader.findTemplateSource("exception-view/exception-view.ftl"): Found
DEBUG [main] cache - Loading template for "exception-view/exception-view.ftl"("en_US", UTF-8, parsed) from "jar:file:/Users/geerthanakannan/.m2/repository/com/aventstack/extentreports/3.0.0/extentreports-3.0.0.jar!/com/aventstack/extentreports/view/exception-view/exception-view.ftl"
DEBUG [main] cache - Couldn't find template in cache for "dashboard-view/dashboard-view.ftl"("en_US", UTF-8, parsed); will try to load it.
DEBUG [main] cache - TemplateLoader.findTemplateSource("dashboard-view/dashboard-view_en_US.ftl"): Not found
DEBUG [main] cache - TemplateLoader.findTemplateSource("dashboard-view/dashboard-view_en.ftl"): Not found
DEBUG [main] cache - TemplateLoader.findTemplateSource("dashboard-view/dashboard-view.ftl"): Found
DEBUG [main] cache - Loading template for "dashboard-view/dashboard-view.ftl"("en_US", UTF-8, parsed) from "jar:file:/Users/geerthanakannan/.m2/repository/com/aventstack/extentreports/3.0.0/extentreports-3.0.0.jar!/com/aventstack/extentreports/view/dashboard-view/dashboard-view.ftl"
DEBUG [main] cache - Couldn't find template in cache for "logs-view/testrunner-logs-view.ftl"("en_US", UTF-8, parsed); will try to load it.
DEBUG [main] cache - TemplateLoader.findTemplateSource("logs-view/testrunner-logs-view_en_US.ftl"): Not found
DEBUG [main] cache - TemplateLoader.findTemplateSource("logs-view/testrunner-logs-view_en.ftl"): Not found
DEBUG [main] cache - TemplateLoader.findTemplateSource("logs-view/testrunner-logs-view.ftl"): Found
DEBUG [main] cache - Loading template for "logs-view/testrunner-logs-view.ftl"("en_US", UTF-8, parsed) from "jar:file:/Users/geerthanakannan/.m2/repository/com/aventstack/extentreports/3.0.0/extentreports-3.0.0.jar!/com/aventstack/extentreports/view/logs-view/testrunner-logs-view.ftl"
INFO  [main] Log - =====================================================================
INFO  [main] Log - Starting Test Case: testcase Started
INFO  [main] Log - =====================================================================
INFO  [main] Log - =====================================================================
INFO  [main] Log - Ending Test Case: Testcase Ended
INFO  [main] Log - =====================================================================
INFO  [main] Log - =====================================================================
INFO  [main] Log - Starting Test Case: testcase Started
INFO  [main] Log - =====================================================================
INFO  [main] Log - =====================================================================
INFO  [main] Log - Ending Test Case: Testcase Ended
INFO  [main] Log - =====================================================================
INFO  [main] Log - =====================================================================
INFO  [main] Log - Starting Test Case: testcase Started
INFO  [main] Log - =====================================================================
INFO  [main] Log - =====================================================================
INFO  [main] Log - Ending Test Case: Testcase Ended
INFO  [main] Log - =====================================================================
INFO  [main] Log - =====================================================================
INFO  [main] Log - Starting Test Case: testcase Started
INFO  [main] Log - =====================================================================
INFO  [main] Log - =====================================================================
INFO  [main] Log - Ending Test Case: Testcase Ended
INFO  [main] Log - =====================================================================
INFO  [main] Log - =====================================================================
INFO  [main] Log - Starting Test Case: testcase Started
INFO  [main] Log - =====================================================================
INFO  [main] Log - =====================================================================
INFO  [main] Log - Ending Test Case: Testcase Ended
INFO  [main] Log - =====================================================================
INFO  [main] Log - =====================================================================
INFO  [main] Log - Starting Test Case: testcase Started
INFO  [main] Log - =====================================================================
INFO  [main] Log - =====================================================================
INFO  [main] Log - Ending Test Case: Testcase Ended
INFO  [main] Log - =====================================================================
INFO  [main] Log - =====================================================================
INFO  [main] Log - Starting Test Case: testcase Started
INFO  [main] Log - =====================================================================
INFO  [main] Log - =====================================================================
INFO  [main] Log - Ending Test Case: Testcase Ended
INFO  [main] Log - =====================================================================
INFO  [main] Log - =====================================================================
INFO  [main] Log - Starting Test Case: testcase Started
INFO  [main] Log - =====================================================================
INFO  [main] Log - =====================================================================
INFO  [main] Log - Ending Test Case: Testcase Ended
INFO  [main] Log - =====================================================================
INFO  [main] Log - =====================================================================
INFO  [main] Log - Starting Test Case: testcase Started
INFO  [main] Log - =====================================================================
INFO  [main] Log - =====================================================================
INFO  [main] Log - Ending Test Case: Testcase Ended
INFO  [main] Log - =====================================================================
INFO  [main] Log - =====================================================================
INFO  [main] Log - Starting Test Case: testcase Started
INFO  [main] Log - =====================================================================
INFO  [main] Log - =====================================================================
INFO  [main] Log - Ending Test Case: Testcase Ended
INFO  [main] Log - =====================================================================
INFO  [main] Log - =====================================================================
INFO  [main] Log - Starting Test Case: testcase Started
INFO  [main] Log - =====================================================================
INFO  [main] Log - =====================================================================
INFO  [main] Log - Ending Test Case: Testcase Ended
INFO  [main] Log - =====================================================================
INFO  [main] Log - =====================================================================
INFO  [main] Log - Starting Test Case: testcase Started
INFO  [main] Log - =====================================================================
INFO  [main] Log - =====================================================================
INFO  [main] Log - Ending Test Case: Testcase Ended
INFO  [main] Log - =====================================================================
INFO  [main] Log - =====================================================================
INFO  [main] Log - Starting Test Case: testcase Started
INFO  [main] Log - =====================================================================
INFO  [main] Log - =====================================================================
INFO  [main] Log - Ending Test Case: Testcase Ended
INFO  [main] Log - =====================================================================
INFO  [main] Log - =====================================================================
INFO  [main] Log - Starting Test Case: testcase Started
INFO  [main] Log - =====================================================================
INFO  [main] Log - =====================================================================
INFO  [main] Log - Ending Test Case: Testcase Ended
INFO  [main] Log - =====================================================================
INFO  [main] Log - =====================================================================
INFO  [main] Log - Starting Test Case: testcase Started
INFO  [main] Log - =====================================================================
INFO  [main] Log - =====================================================================
INFO  [main] Log - Ending Test Case: Testcase Ended
INFO  [main] Log - =====================================================================
INFO  [main] Log - =====================================================================
INFO  [main] Log - Starting Test Case: testcase Started
INFO  [main] Log - =====================================================================
INFO  [main] Log - =====================================================================
INFO  [main] Log - Ending Test Case: Testcase Ended
INFO  [main] Log - =====================================================================
INFO  [main] Log - =====================================================================
INFO  [main] Log - Starting Test Case: testcase Started
INFO  [main] Log - =====================================================================
INFO  [main] Log - =====================================================================
INFO  [main] Log - Ending Test Case: Testcase Ended
INFO  [main] Log - =====================================================================
